<?xml version="1.0" encoding="UTF-8"?>
<!-- Generated by org.testng.reporters.JUnitReportReporter -->
<testsuite skipped="0" hostname="AVC-SMS-LAP17" name="TEADailyRun" tests="1" failures="0" timestamp="24 Oct 2017 01:45:06 GMT" time="241.772" errors="0">
  <testcase name="AutoTEAWorkflow" time="241.772" classname="TEADailyRun"/>
</testsuite> <!-- TEADailyRun -->
