<?xml version="1.0" encoding="UTF-8"?>
<!-- Generated by org.testng.reporters.JUnitReportReporter -->
<testsuite skipped="0" hostname="AVC-SMS-LAP17" name="TEADailyRun" tests="1" failures="0" timestamp="10 Oct 2017 01:50:36 GMT" time="31.707" errors="0">
  <testcase name="AutoTEAWorkflow" time="31.707" classname="TEADailyRun"/>
</testsuite> <!-- TEADailyRun -->
