<?xml version="1.0" encoding="UTF-8"?>
<!-- Generated by org.testng.reporters.JUnitReportReporter -->
<testsuite skipped="0" hostname="AVC-SMS-LAP17" name="TEADailyRun" tests="1" failures="0" timestamp="23 Aug 2017 04:23:05 GMT" time="0.016" errors="0">
  <testcase name="SmokeTest" time="0.016" classname="TEADailyRun"/>
</testsuite> <!-- TEADailyRun -->
